
**************************************************************
 Geant4 version Name: geant4-11-03-patch-02 [MT]   (25-April-2025)
  << in Multi-threaded mode >> 
                       Copyright : Geant4 Collaboration
                      References : NIM A 506 (2003), 250-303
                                 : IEEE-TNS 53 (2006), 270-278
                                 : NIM A 835 (2016), 186-225
                             WWW : http://geant4.org/
**************************************************************

Checking overlaps for volume pOuterTarget:0 (G4Tubs) ... OK! 
Visualization Manager instantiating with verbosity "warnings (3)"...
Visualization Manager initialising...
Registering graphics systems...

You have successfully registered the following graphics systems.
Registered graphics systems are:
  ASCIITree (ATree)
  DAWNFILE (DAWNFILE)
  G4HepRepFile (HepRepFile)
  RayTracer (RayTracer)
  VRML2FILE (VRML2FILE)
  gMocrenFile (gMocrenFile)
  TOOLSSG_OFFSCREEN (TSG_OFFSCREEN, TSG_FILE)
  OpenGLImmediateQt (OGLIQt, OGLI)
  OpenGLStoredQt (OGLSQt, OGL, OGLS)
  OpenGLImmediateX (OGLIX, OGLIQt_FALLBACK)
  OpenGLStoredX (OGLSX, OGLSQt_FALLBACK)
  RayTracerX (RayTracerX)
  Qt3D (Qt3D)
  TOOLSSG_X11_GLES (TSG_X11_GLES, TSGX11, TSG_QT_GLES_FALLBACK)
  TOOLSSG_X11_ZB (TSG_X11_ZB, TSGX11ZB)
  TOOLSSG_QT_GLES (TSG_QT_GLES, TSGQt, TSG)
  TOOLSSG_QT_ZB (TSG_QT_ZB, TSGQtZB)
You may choose a graphics system (driver) with a parameter of
the command "/vis/open" or "/vis/sceneHandler/create",
or you may omit the driver parameter and choose at run time:
- by argument in the construction of G4VisExecutive;
- by environment variable "G4VIS_DEFAULT_DRIVER";
- by entry in "~/.g4session";
- by build flags.
- Note: This feature is not allowed in batch mode.
For further information see "examples/basic/B1/exampleB1.cc"
and "vis.mac".

Registering model factories...

You have successfully registered the following model factories.
Registered model factories:
  generic
  drawByAttribute
  drawByCharge
  drawByOriginVolume
  drawByParticleID
  drawByEncounteredVolume

Registered models:
  None

Registered filter factories:
  attributeFilter
  chargeFilter
  originVolumeFilter
  particleFilter
  encounteredVolumeFilter

Registered filters:
  None

You have successfully registered the following user vis actions.
Run Duration User Vis Actions: none
End of Event User Vis Actions: none
End of Run User Vis Actions: none

Some /vis commands (optionally) take a string to specify colour.
"/vis/list" to see available colours.
Starting run 1 with 100000 histories (seed: 480529228)
... set ntuple merging row mode : row-wise - done
... create file : /home/mats/projects/geant4/pMultiStepPGGenerator/data/materialPhaseSpaces/WaterCa0/tmp_multifiles/PhaseSpace_WaterCa0_run1.root - done
... open analysis file : /home/mats/projects/geant4/pMultiStepPGGenerator/data/materialPhaseSpaces/WaterCa0/tmp_multifiles/PhaseSpace_WaterCa0_run1.root - done
... open main analysis file : /home/mats/projects/geant4/pMultiStepPGGenerator/data/materialPhaseSpaces/WaterCa0/tmp_multifiles/PhaseSpace_WaterCa0_run1.root - done
G4WT0 > ... set ntuple merging row mode : row-wise - done
G4WT0 > event: 0
... write file : /home/mats/projects/geant4/pMultiStepPGGenerator/data/materialPhaseSpaces/WaterCa0/tmp_multifiles/PhaseSpace_WaterCa0_run1.root - done
... close file : /home/mats/projects/geant4/pMultiStepPGGenerator/data/materialPhaseSpaces/WaterCa0/tmp_multifiles/PhaseSpace_WaterCa0_run1.root - done
elapsed time: 7 s
Graphics systems deleted.
Visualization Manager deleting...
Simulation completed!
